---published files---
../../images/Ensign_DTM_only.png
../../images/Ensign_DSM_only.png
../../images/Ensign_DTM.png
../../images/Ensign_DSM.png
../../images/Ensign_DTM_sm.png
../../images/Ensign_DSM_sm.png
../../images/Ensign_DTM_sm2.png
../../images/Ensign_DSM_sm2.png
../../images/GeoPDF.jpg
../../images/QGISNewWMTSConnection.png
../../images/QGISAddWMTSLayer.png
../../images/QGISHybrid.png
../../images/authoritative_geocoding.png
../../images/LidarPlan_w_GoalMet_and2022.png
../../images/LidarPlan_w_GoalMet_and2022_sm.png
../../images/LidarPlan_sqMiKm.png
../../images/forkingagrc.png
../../images/teamwork.png
../../images/SectorsWithPsaps.png
../../images/CellSectorApp_small.png
../../images/web-adaptor-flow.png
../../images/web-adaptor-arr.png
../../images/web-adaptor-rewrite.png
../../images/StateStreetAddressing.png
../../images/AliasRoadNaming.png
../../images/nsgic_awards/KColeGOEDSmall.png
../../images/nsgic_awards/ECurtisSmall.png
../../images/nsgic_awards/RodBennett.png
../../images/nsgic_awards/TKnowltonSmall.png
../../images/contoursPolys.png
../../images/tanaka.png
../../images/tanakaShaded.png
../../images/tanakaFunky.png
../../images/guestblog/jp_ArcProScreenshot.png
../../images/guestblog/jp_ArcProTraining.png
../../images/guestblog/jp_Spongebob.png
../../images/guestblog/jp_AnalysisTools.png
../../images/guestblog/jp_MultipleLayouts.png
../../images/guestblog/jp_JessieinJordan.png
../../images/cache_headers.png
../../images/index_headers.png
../../images/better_headers.png
../../images/Kota.png
../../images/SGID_lifecycle.jpg
../../images/preliminary_zone_layout_thumb.png
../../images/SaltLakeHistoric.jpg
../../images/SaltLakeHistoric_sm.jpg
../../images/GunterChain.jpg
../../images/NorthwestTerritory.png
../../images/principal_meridians.png
../../images/principal_meridians_sm.png
../../images/salt_lake_meridian.png
../../images/townships_sections.png
../../images/plat_of_zion.png
../../images/plat_of_zion_sm.png
../../images/ColonialBoston.png
../../images/ColonialBoston_sm.png
../../images/urban_grids.png
../../images/urban_grids_sm.png
../../images/SectionLineRoads.png
../../images/SectionLineRoads_sm.png
../../images/SunLakes_grid.png
../../images/SunLakes_grid_sm.png
../../images/gis_wisdom.png
../../images/SGID_1994_binders_cover_sm.png
../../images/SGID_1995_cover_sm.png
../../images/SGID_1999_binders_cover_sm.png
../../images/SGID_early2000s_sm.png
../../images/SGID_2019_webpage_data.png
../../images/JacobAdams.jpg
../../images/ImportsHelperFunctions.jpg
../../images/MapAllLayers.png
../../images/DesktopLockCount.png
../../images/ord_survey_uk_history.jpg
../../images/Great_Trigonometrical_Survey_India_1870.jpg
../../images/Great_Trigonometrical_Survey_India_1870_sm.jpg
../../images/choleramap.png
../../images/tabulation_machine.png
../../images/hollerith_punch_card.png
../../images/cgis.png
../../images/symap_harvard.png
../../images/pc_arcinfo_1986.jpg
../../images/esri_theearlydays.jpg
../../images/census_tiger_logo.png
../../images/usgs_7halfmin_uppercorner.jpg
../../images/201909KeyMomentsInfographic.jpg
../../images/201909KeyMomentsInfographic_sm.jpg
../../images/201911_NG911LawEnforcementBoundaries.jpg
../../images/network_head.png
../../images/place_experiences.png
../../images/waggle_dance.png
../../images/hippocampus.png
../../images/grid_like_street_networks.png
../../images/london_iconic_cabs.png
../../images/gnss_earth.png
../../images/electric_brain.png
../../images/HexagonImagery.jpg
../../images/JohnsHopkinsCoronavirusMapFAQs.jpg
../../images/geospatial.png
../../images/voice-queries.png
../../images/geospatial-whats-next.png
../../images/location-data.png
../../images/collaboration.jpg
../../images/agrc-supports-geospatial.png
../../images/covid-testing-first-months.png
../../images/covid-testing-summer.png
../../images/covid-testing-surge.png
../../images/pres_elec_2020_results.png
../../images/pres_elec_2020_results_gradient.png
../../images/transformations_measurement.jpg
../../images/transformations_proper.jpg
../../images/transformations_arcmapdialog.jpg
../../images/transformations_default.jpg
../../images/transformations_prodefault.jpg
../../images/transformations_prowarning.jpg
../../images/transformations_prowarningsetting.jpg
../../images/transformations_proslivers.jpg
../../images/transformations_prosinglepart.jpg
../../images/census2020_block_pl_94_171_alias_fields.png
../../images/census2020_pl_94_171_summaryfiles.png
../../images/census2020_pl_94_171_summaryfiles_join_tables.png
../../images/api-client/client.png
../../images/api-client/web_api_logo.png
../../images/weaving_the_fabric.png
../../images/hex_globe_sgid.png
../../images/flea.jpg
../../images/feel_the_power.jpg
../../about/media/ugrc-logo-SGID-dark.png
../../images/fire_station_travel_times.png
../../images/h3_supermarkets.png
../../images/h3_hexes.png
../../images/new_terrain.png
../../images/bb_challenge_results.png
../../images/dhhs_process.png
../../images/cooling_tower_map.png
../../images/palletjack_overview.png
../../images/Porter-GDL.png
---unpublished files---
../../images/utah-oil-and-gas-wells.png
../../images/StatewideTrails.png
../../images/LUCA2018.png
../../images/utah-ng911-database.png
../../images/UGICConferenceLogo.jpg
