2013-02-28-arcgis-server-10-1-upgrade-happening-on-march-2nd.md : {% link _posts/2013-02-19-arcgis-server-10-1-upgrade.md %} : /blog/2013-02-19-arcgis-server-10-1-upgrade
2013-04-16-esri-jsapi-3-4-and-the-dojo-build-system.md : {% link _posts/2012-05-01-speed-up-your-esri-javascript-api-webapp.md %} : /blog/2012-05-01-speed-up-your-esri-javascript-api-webapp
2013-06-28-utah-gis-framework-data-for-800-please-alex.md : {% link _posts/2013-05-10-utah-statewide-address-geocoding-web-service-upgrade.md %} : /blog/2013-05-10-utah-statewide-address-geocoding-web-service-upgrade
2013-08-30-new-address-point-cached-map-service.md : {% link _posts/2013-06-28-utah-gis-framework-data-for-800-please-alex.md %} : /blog/2013-06-28-utah-gis-framework-data-for-800-please-alex
2013-10-30-update-on-the-turn-gps-network-upgrade.md : {% link _posts/2013-09-13-turn-gps-network-updates.md %} : /blog/2013-09-13-turn-gps-network-updates
2013-12-04-a-day-in-the-life-of-the-utah-sgid-imageserver.md : {% link _posts/2014-01-14-a-day-in-the-life-of-utahs-arcgis-server-base-maps.md %} : /blog/2014-01-14-a-day-in-the-life-of-utahs-arcgis-server-base-maps
2014-01-14-a-day-in-the-life-of-utahs-arcgis-server-base-maps.md : {% link _posts/2013-12-04-a-day-in-the-life-of-the-utah-sgid-imageserver.md %} : /blog/2013-12-04-a-day-in-the-life-of-the-utah-sgid-imageserver
2014-01-17-new-utah-geocoding-toolbox-for-arcgis-desktop-2.md : {% link _posts/2013-05-10-utah-statewide-address-geocoding-web-service-upgrade.md %} : /blog/2013-05-10-utah-statewide-address-geocoding-web-service-upgrade
2014-09-22-grunt-esri-slurp.md : {% link _posts/2013-04-16-esri-jsapi-3-4-and-the-dojo-build-system.md %} : /blog/2013-04-16-esri-jsapi-3-4-and-the-dojo-build-system
2014-09-22-grunt-esri-slurp.md : {% link _posts/2013-09-09-the-esri-api-for-javascriptdojo-build-system-saga-continues.md %} : /blog/2013-09-09-the-esri-api-for-javascriptdojo-build-system-saga-continues
2014-11-05-maps-assist-in-accessing-election-results.md : {% link _posts/2013-04-02-using-the-mapserv-utah-gov-api-to-geocode-address.md %} : /blog/2013-04-02-using-the-mapserv-utah-gov-api-to-geocode-address
2014-12-22-basemaps-a-2014-day-in-the-life.md : {% link _posts/2014-01-14-a-day-in-the-life-of-utahs-arcgis-server-base-maps.md %} : /blog/2014-01-14-a-day-in-the-life-of-utahs-arcgis-server-base-maps
2014-12-24-utah-statewide-recreation-database.md : {% link _posts/2014-08-29-coordinating-a-statewide-recreational-trails-gis-dataset.md %} : /blog/2014-08-29-coordinating-a-statewide-recreational-trails-gis-dataset
2015-03-05-google-imagery-license-update-march-5th.md : {% link _posts/2015-02-02-utah-acquires-high-resolution-aerial-photography-license.md %} : /blog/2015-02-02-utah-acquires-high-resolution-aerial-photography-license
2015-03-05-summarizing-utah-gis-data-needs-for-ng-9-1-1.md : {% link _posts/2013-11-26-utah-mapping-resources-well-prepared-for-nextgen-911.md %} : /blog/2013-11-26-utah-mapping-resources-well-prepared-for-nextgen-911
2015-04-30-google-imagery-wms-and-wmts-imagery-services.md : {% link _posts/2015-02-02-utah-acquires-high-resolution-aerial-photography-license.md %} : /blog/2015-02-02-utah-acquires-high-resolution-aerial-photography-license
2015-05-25-staying-in-the-zone-with-amd-butler.md : {% link _posts/2014-09-22-grunt-esri-slurp.md %} : /blog/2014-09-22-grunt-esri-slurp
2016-01-27-survey-monument-replacement-and-restoration-county-grant-program.md : {% link _posts/2015-10-30-big-happenings-with-public-land-survey-system-gis.md %} : /blog/2015-10-30-big-happenings-with-public-land-survey-system-gis
2016-07-07-data-schema-released-for-expanded-gis-parcel-sharing.md : {% link _posts/2016-05-26-work-group-recommends-expanded-gis-parcel-sharing.md %} : /blog/2016-05-26-work-group-recommends-expanded-gis-parcel-sharing
2017-01-17-forced-git-hub-a-reflection-on-a-new-website-using-git-hub-and-jekyll.md : {% link _posts/2016-03-25-about-our-new-v6-website-in-ghpages.md %} : /blog/2016-03-25-about-our-new-v6-website-in-ghpages
2017-02-02-printing-web-maps-with-discover-services.md : {% link _posts/2018-02-26-success-with-serverless.md %} : /blog/2018-02-26-success-with-serverless
2017-06-29-municipal-boundaries-update-for-second-quarter-2017-calendar-year.md : {% link _posts/2017-03-29-municipal-boundaries-update-for-first-quarter-calendar-year.md %} : /blog/2017-03-29-municipal-boundaries-update-for-first-quarter-calendar-year
2017-08-15-major-updates-coming-to-roads-data-model.md : {% link _posts/2016-09-16-road-centerlines-schema-update-and-regional-workshop-notes.md %} : /blog/2016-09-16-road-centerlines-schema-update-and-regional-workshop-notes
2017-08-15-major-updates-coming-to-roads-data-model.md : {% link _posts/2014-04-30-feedback-wanted-proposed-best-practices-for-tagging-utah-metadata.md %} : /blog/2014-04-30-feedback-wanted-proposed-best-practices-for-tagging-utah-metadata
2017-12-28-utah-ng911-gis-database.md : {% link _posts/2013-11-26-utah-mapping-resources-well-prepared-for-nextgen-911.md %} : /blog/2013-11-26-utah-mapping-resources-well-prepared-for-nextgen-911
2018-04-11-dont-make-users-think-about-updating-software.md : {% link _posts/2018-03-23-cache-breaking-for-faster-web-application-updates.md %} : /blog/2018-03-23-cache-breaking-for-faster-web-application-updates
2018-12-13-the-sgid-moving-forward.md : {% link _posts/2018-02-05-sgid-data-lifecycle.md %} : /blog/2018-02-05-sgid-data-lifecycle
2018-12-13-the-sgid-moving-forward.md : {% link _posts/2018-09-10-the-incredible-shrinking-sgid.md %} : /blog/2018-09-10-the-incredible-shrinking-sgid
2019-01-17-image-service-deprecation.md : {% link _posts/2018-12-05-arc-gis-server-10-6-upgrade.md %} : /blog/2018-12-05-arc-gis-server-10-6-upgrade
2019-06-11-sgid-then-and-now.md : {% link _posts/2021-04-05-agrc-name-change-to-utah-geospatial-resource-center-ugrc.md %} : /blog/2021-04-05-agrc-name-change-to-utah-geospatial-resource-center-ugrc
2019-06-11-sgid-then-and-now.md : {% link _posts/2018-09-10-the-incredible-shrinking-sgid.md %} : /blog/2018-09-10-the-incredible-shrinking-sgid
2019-11-12-sgid-product-relaunch-update.md : {% link _posts/2019-06-11-sgid-then-and-now.md %} : /blog/2019-06-11-sgid-then-and-now
2020-05-04-introducing-open-sgid.md : {% link _posts/2019-06-11-sgid-then-and-now.md %} : /blog/2019-06-11-sgid-then-and-now
2020-05-04-introducing-open-sgid.md : {% link _posts/2019-11-12-sgid-product-relaunch-update.md %} : /blog/2019-11-12-sgid-product-relaunch-update
2020-05-27-bike-related-gis-data-resources.md : {% link _posts/2018-11-07-multi-modal-travel-shed-analysis-project.md %} : /blog/2018-11-07-multi-modal-travel-shed-analysis-project
2020-06-15-the-role-of-gis-during-a-pandemic-why-the-where-is-so-important-for-the-coronavirus.md : {% link _posts/2019-09-03-digital-maps-gis-history.md %} : /blog/2019-09-03-digital-maps-gis-history
2020-06-15-the-role-of-gis-during-a-pandemic-why-the-where-is-so-important-for-the-coronavirus.md : {% link _posts/2020-01-29-cognitive-maps.md %} : /blog/2020-01-29-cognitive-maps
2020-06-15-the-role-of-gis-during-a-pandemic-why-the-where-is-so-important-for-the-coronavirus.md : {% link _posts/2020-01-29-cognitive-maps.md %} : /blog/2020-01-29-cognitive-maps
2020-06-15-the-role-of-gis-during-a-pandemic-why-the-where-is-so-important-for-the-coronavirus.md : {% link _posts/2019-09-03-digital-maps-gis-history.md %} : /blog/2019-09-03-digital-maps-gis-history
2020-07-14-thinking-beyond-the-map.md : {% link _posts/2020-05-04-introducing-open-sgid.md %} : /blog/2020-05-04-introducing-open-sgid
2020-07-14-thinking-beyond-the-map.md : {% link _posts/2019-05-30-thoughts-from-teaching-google-and-amazon-new-skills.md %} : /blog/2019-05-30-thoughts-from-teaching-google-and-amazon-new-skills
2021-01-04-sgid-newest-offerings.md : {% link _posts/2020-05-04-introducing-open-sgid.md %} : /blog/2020-05-04-introducing-open-sgid
2022-07-27-introducing-masquerade.md : {% link _posts/2021-11-29-introducing-the-official-ugrc-api-client.md %} : /blog/2021-11-29-introducing-the-official-ugrc-api-client
2022-12-21-python-shorts-opensgid-pandas.md : {% link _posts/2020-05-28-exploring-the-open-sgid-with-open-source-python-tools.md %} : /blog/2020-05-28-exploring-the-open-sgid-with-open-source-python-tools
2023-09-05-making-the-best-of-change-with-porter.md : {% link _posts/2018-02-05-sgid-data-lifecycle.md %} : /blog/2018-02-05-sgid-data-lifecycle
2024-01-15-the-gecoding-toolbox-is-being-deprecated.md : {% link _posts/2021-11-29-introducing-the-official-ugrc-api-client.md %} : /blog/2021-11-29-introducing-the-official-ugrc-api-client
